::1 - - [11/Dec/2022:21:57:07 +0700] "GET / HTTP/1.1" 304 -
::1 - - [11/Dec/2022:21:57:07 +0700] "GET /main.js HTTP/1.1" 404 205
::1 - - [11/Dec/2022:21:57:16 +0700] "POST /home.php HTTP/1.1" 200 3493
::1 - - [11/Dec/2022:21:57:16 +0700] "GET /main.js HTTP/1.1" 404 205
::1 - - [11/Dec/2022:21:57:27 +0700] "GET /phpmyadmin/ HTTP/1.1" 200 8107
::1 - - [11/Dec/2022:21:57:27 +0700] "GET /phpmyadmin/js/get_scripts.js.php?scripts[]=jquery/jquery-1.8.3.js&scripts[]=ajax.js&scripts[]=keyhandler.js&scripts[]=jquery/jquery-ui-1.9.2.custom.js&scripts[]=jquery/jquery.sprintf.js&scripts[]=jquery/jquery.cookie.js&scripts[]=jquery/jquery.mousewheel.js&scripts[]=jquery/jquery.event.drag-2.2.js&scripts[]=jquery/jquery-ui-timepicker-addon.js&scripts[]=jquery/jquery.ba-hashchange-1.3.js&scripts[]=jquery/jquery.debounce-1.0.5.js&scripts[]=jquery/jquery.menuResizer-1.0.js&scripts[]=rte.js&scripts[]=functions.js&scripts[]=navigation.js&scripts[]=indexes.js&scripts[]=common.js&scripts[]=codemirror/lib/codemirror.js&scripts[]=codemirror/mode/mysql/mysql.js HTTP/1.1" 200 578562
::1 - - [11/Dec/2022:21:57:33 +0700] "POST /phpmyadmin/index.php HTTP/1.1" 302 -
::1 - - [11/Dec/2022:21:57:33 +0700] "GET /phpmyadmin/index.php?token=53d10648ee9cb4d18bb97429a794cb60 HTTP/1.1" 200 43264
::1 - - [11/Dec/2022:21:57:33 +0700] "GET /phpmyadmin/version_check.php?&_nocache=1670770653974727799 HTTP/1.1" 200 39
::1 - - [11/Dec/2022:21:57:35 +0700] "GET /phpmyadmin/server_databases.php?db=&token=53d10648ee9cb4d18bb97429a794cb60&ajax_request=true&ajax_page_request=true&menuHashes=859b1aa5&_nocache=1670770655756894530 HTTP/1.1" 200 33158
::1 - - [11/Dec/2022:21:57:35 +0700] "GET /phpmyadmin/js/get_scripts.js.php?scripts[]=server_databases.js HTTP/1.1" 200 1818
::1 - - [11/Dec/2022:21:57:39 +0700] "GET /phpmyadmin/db_structure.php?token=53d10648ee9cb4d18bb97429a794cb60&db=myhotel&ajax_request=true&ajax_page_request=true&menuHashes=859b1aa5-ad2ea9da&_nocache=1670770658999803912 HTTP/1.1" 200 82722
::1 - - [11/Dec/2022:21:57:39 +0700] "GET /phpmyadmin/js/get_scripts.js.php?scripts[]=db_structure.js&scripts[]=tbl_change.js HTTP/1.1" 200 12382
::1 - - [11/Dec/2022:21:57:44 +0700] "GET /phpmyadmin/db_triggers.php?db=myhotel&token=53d10648ee9cb4d18bb97429a794cb60&ajax_request=true&ajax_page_request=true&menuHashes=859b1aa5-ad2ea9da-51b59d45&_nocache=1670770664765157276 HTTP/1.1" 200 16437
::1 - - [11/Dec/2022:21:57:48 +0700] "GET /phpmyadmin/db_routines.php?db=myhotel&token=53d10648ee9cb4d18bb97429a794cb60&ajax_request=true&ajax_page_request=true&menuHashes=859b1aa5-ad2ea9da-51b59d45-351cc947&_nocache=1670770668173139766 HTTP/1.1" 200 10131
::1 - - [11/Dec/2022:21:57:51 +0700] "GET /phpmyadmin/db_triggers.php?db=myhotel&token=53d10648ee9cb4d18bb97429a794cb60&ajax_request=true&ajax_page_request=true&menuHashes=859b1aa5-ad2ea9da-51b59d45-351cc947-2ee98cb6&_nocache=1670770671383330969 HTTP/1.1" 200 13355
::1 - - [11/Dec/2022:21:57:56 +0700] "POST /home.php HTTP/1.1" 200 4104
::1 - - [11/Dec/2022:21:57:56 +0700] "GET /main.js HTTP/1.1" 404 205
::1 - - [11/Dec/2022:21:58:10 +0700] "POST /home.php HTTP/1.1" 200 3766
::1 - - [11/Dec/2022:21:58:10 +0700] "GET /main.js HTTP/1.1" 404 205
::1 - - [11/Dec/2022:21:58:25 +0700] "POST /home.php HTTP/1.1" 200 3858
::1 - - [11/Dec/2022:21:58:25 +0700] "GET /main.js HTTP/1.1" 404 205
::1 - - [11/Dec/2022:21:58:40 +0700] "GET /phpmyadmin/db_structure.php?db=myhotel&token=53d10648ee9cb4d18bb97429a794cb60&ajax_request=true&ajax_page_request=true&menuHashes=859b1aa5-ad2ea9da-51b59d45-351cc947-2ee98cb6&_nocache=1670770720517710770 HTTP/1.1" 200 79640
::1 - - [11/Dec/2022:21:58:44 +0700] "GET /phpmyadmin/sql.php?db=myhotel&token=53d10648ee9cb4d18bb97429a794cb60&goto=db_structure.php&table=loaiphong&pos=0&ajax_request=true&ajax_page_request=true&menuHashes=859b1aa5-ad2ea9da-51b59d45-351cc947-2ee98cb6&_nocache=1670770724087224318 HTTP/1.1" 200 37556
::1 - - [11/Dec/2022:21:58:44 +0700] "GET /phpmyadmin/js/get_scripts.js.php?scripts[]=tbl_structure.js&scripts[]=gis_data_editor.js&scripts[]=makegrid.js&scripts[]=sql.js HTTP/1.1" 200 50287
::1 - - [11/Dec/2022:21:58:44 +0700] "GET /phpmyadmin/index.php?ajax_request=1&recent_table=1&token=53d10648ee9cb4d18bb97429a794cb60 HTTP/1.1" 200 852
::1 - - [11/Dec/2022:21:58:50 +0700] "POST /phpmyadmin/tbl_row_action.php HTTP/1.1" 200 12955
::1 - - [11/Dec/2022:21:58:51 +0700] "GET /phpmyadmin/js/messages.php?lang=en_GB&db=myhotel&server=0&token=53d10648ee9cb4d18bb97429a794cb60 HTTP/1.1" 200 16649
::1 - - [11/Dec/2022:21:58:51 +0700] "GET /phpmyadmin/index.php?ajax_request=1&recent_table=1&token=53d10648ee9cb4d18bb97429a794cb60 HTTP/1.1" 200 852
::1 - - [11/Dec/2022:21:58:52 +0700] "POST /phpmyadmin/tbl_row_action.php HTTP/1.1" 200 36224
::1 - - [11/Dec/2022:21:58:52 +0700] "GET /phpmyadmin/js/get_scripts.js.php?scripts[]=tbl_change.js&scripts[]=tbl_structure.js&scripts[]=gis_data_editor.js&scripts[]=makegrid.js&scripts[]=sql.js HTTP/1.1" 200 57302
::1 - - [11/Dec/2022:21:58:52 +0700] "GET /phpmyadmin/index.php?ajax_request=1&recent_table=1&token=53d10648ee9cb4d18bb97429a794cb60 HTTP/1.1" 200 852
::1 - - [11/Dec/2022:21:59:13 +0700] "POST /home.php HTTP/1.1" 200 3498
::1 - - [11/Dec/2022:21:59:13 +0700] "GET /main.js HTTP/1.1" 404 205
::1 - - [11/Dec/2022:21:59:16 +0700] "POST /phpmyadmin/tbl_row_action.php HTTP/1.1" 200 12955
::1 - - [11/Dec/2022:21:59:17 +0700] "GET /phpmyadmin/tbl_row_action.php?db=myhotel&table=loaiphong&server=1&target=&token=53d10648ee9cb4d18bb97429a794cb60 HTTP/1.1" 200 38688
::1 - - [11/Dec/2022:21:59:17 +0700] "GET /phpmyadmin/js/get_scripts.js.php?scripts[]=jquery/jquery-1.8.3.js&scripts[]=ajax.js&scripts[]=keyhandler.js&scripts[]=jquery/jquery-ui-1.9.2.custom.js&scripts[]=jquery/jquery.sprintf.js&scripts[]=jquery/jquery.cookie.js&scripts[]=jquery/jquery.mousewheel.js&scripts[]=jquery/jquery.event.drag-2.2.js&scripts[]=jquery/jquery-ui-timepicker-addon.js&scripts[]=jquery/jquery.ba-hashchange-1.3.js&scripts[]=jquery/jquery.debounce-1.0.5.js&scripts[]=jquery/jquery.menuResizer-1.0.js&scripts[]=rte.js&scripts[]=functions.js&scripts[]=navigation.js&scripts[]=indexes.js&scripts[]=common.js&scripts[]=tbl_change.js&scripts[]=tbl_structure.js&scripts[]=gis_data_editor.js&scripts[]=makegrid.js&scripts[]=sql.js&scripts[]=codemirror/lib/codemirror.js&scripts[]=codemirror/mode/mysql/mysql.js HTTP/1.1" 200 635864
::1 - - [11/Dec/2022:21:59:17 +0700] "GET /phpmyadmin/js/messages.php?lang=en_GB&db=myhotel&token=53d10648ee9cb4d18bb97429a794cb60 HTTP/1.1" 200 16649
::1 - - [11/Dec/2022:21:59:17 +0700] "GET /phpmyadmin/index.php?ajax_request=1&recent_table=1&token=53d10648ee9cb4d18bb97429a794cb60 HTTP/1.1" 200 852
::1 - - [11/Dec/2022:21:59:36 +0700] "POST /home.php HTTP/1.1" 200 3605
::1 - - [11/Dec/2022:21:59:36 +0700] "GET /main.js HTTP/1.1" 404 205
