2022-11-30 17:27:56 2452 [Note] Plugin 'FEDERATED' is disabled.
2022-11-30 17:27:56 2452 [Note] InnoDB: The InnoDB memory heap is disabled
2022-11-30 17:27:56 2452 [Note] InnoDB: Mutexes and rw_locks use Windows interlocked functions
2022-11-30 17:27:56 2452 [Note] InnoDB: Compressed tables use zlib 1.2.3
2022-11-30 17:27:56 2452 [Note] InnoDB: Not using CPU crc32 instructions
2022-11-30 17:27:56 2452 [Note] InnoDB: Initializing buffer pool, size = 128.0M
2022-11-30 17:27:56 2452 [Note] InnoDB: Completed initialization of buffer pool
2022-11-30 17:27:56 2452 [Note] InnoDB: Setting log file C:\Users\hiept\OneDrive\Desktop\USBWebserver v8.6\mysql\data\ib_logfile101 size to 5 MB
2022-11-30 17:27:56 2452 [Note] InnoDB: Setting log file C:\Users\hiept\OneDrive\Desktop\USBWebserver v8.6\mysql\data\ib_logfile1 size to 5 MB
2022-11-30 17:27:56 2452 [Note] InnoDB: Renaming log file C:\Users\hiept\OneDrive\Desktop\USBWebserver v8.6\mysql\data\ib_logfile101 to C:\Users\hiept\OneDrive\Desktop\USBWebserver v8.6\mysql\data\ib_logfile0
2022-11-30 17:27:56 2452 [Warning] InnoDB: New log files created, LSN=1626134
2022-11-30 17:27:56 2452 [Note] InnoDB: Highest supported file format is Barracuda.
2022-11-30 17:27:56 2452 [Note] InnoDB: 128 rollback segment(s) are active.
2022-11-30 17:27:56 2452 [Note] InnoDB: Waiting for purge to start
2022-11-30 17:27:56 2452 [Note] InnoDB: 5.6.13 started; log sequence number 1626636
2022-11-30 17:27:56 2452 [Warning] No existing UUID has been found, so we assume that this is the first time that this server has been started. Generating a new UUID: a797f1e4-7099-11ed-966f-902e161d1b96.
2022-11-30 17:27:56 2452 [Note] Server hostname (bind-address): '*'; port: 3307
2022-11-30 17:27:56 2452 [Note] IPv6 is available.
2022-11-30 17:27:56 2452 [Note]   - '::' resolves to '::';
2022-11-30 17:27:56 2452 [Note] Server socket created on IP: '::'.
2022-12-04 07:24:49 19040 [Note] Plugin 'FEDERATED' is disabled.
2022-12-04 07:24:49 19040 [Note] InnoDB: The InnoDB memory heap is disabled
2022-12-04 07:24:49 19040 [Note] InnoDB: Mutexes and rw_locks use Windows interlocked functions
2022-12-04 07:24:49 19040 [Note] InnoDB: Compressed tables use zlib 1.2.3
2022-12-04 07:24:49 19040 [Note] InnoDB: Not using CPU crc32 instructions
2022-12-04 07:24:49 19040 [Note] InnoDB: Initializing buffer pool, size = 128.0M
2022-12-04 07:24:49 19040 [Note] InnoDB: Completed initialization of buffer pool
2022-12-04 07:24:49 19040 [Note] InnoDB: Highest supported file format is Barracuda.
2022-12-04 07:24:49 19040 [Note] InnoDB: The log sequence numbers 1626134 and 1626134 in ibdata files do not match the log sequence number 3142827 in the ib_logfiles!
2022-12-04 07:24:49 19040 [Note] InnoDB: Database was not shutdown normally!
2022-12-04 07:24:49 19040 [Note] InnoDB: Starting crash recovery.
2022-12-04 07:24:49 19040 [Note] InnoDB: Reading tablespace information from the .ibd files...
2022-12-04 07:24:49 19040 [Note] InnoDB: Restoring possible half-written data pages 
2022-12-04 07:24:49 19040 [Note] InnoDB: from the doublewrite buffer...
2022-12-04 07:24:49 19040 [Note] InnoDB: 128 rollback segment(s) are active.
2022-12-04 07:24:49 19040 [Note] InnoDB: Waiting for purge to start
2022-12-04 07:24:50 19040 [Note] InnoDB: 5.6.13 started; log sequence number 3142827
2022-12-04 07:24:50 19040 [Note] Server hostname (bind-address): '*'; port: 3307
2022-12-04 07:24:50 19040 [Note] IPv6 is available.
2022-12-04 07:24:50 19040 [Note]   - '::' resolves to '::';
2022-12-04 07:24:50 19040 [Note] Server socket created on IP: '::'.
2022-12-09 20:15:46 15840 [Note] Plugin 'FEDERATED' is disabled.
2022-12-09 20:15:46 15840 [Note] InnoDB: The InnoDB memory heap is disabled
2022-12-09 20:15:46 15840 [Note] InnoDB: Mutexes and rw_locks use Windows interlocked functions
2022-12-09 20:15:46 15840 [Note] InnoDB: Compressed tables use zlib 1.2.3
2022-12-09 20:15:46 15840 [Note] InnoDB: Not using CPU crc32 instructions
2022-12-09 20:15:46 15840 [Note] InnoDB: Initializing buffer pool, size = 128.0M
2022-12-09 20:15:46 15840 [Note] InnoDB: Completed initialization of buffer pool
2022-12-09 20:15:46 15840 [Note] InnoDB: Highest supported file format is Barracuda.
2022-12-09 20:15:46 15840 [Note] InnoDB: The log sequence numbers 1626134 and 1626134 in ibdata files do not match the log sequence number 3146687 in the ib_logfiles!
2022-12-09 20:15:46 15840 [Note] InnoDB: Database was not shutdown normally!
2022-12-09 20:15:46 15840 [Note] InnoDB: Starting crash recovery.
2022-12-09 20:15:46 15840 [Note] InnoDB: Reading tablespace information from the .ibd files...
2022-12-09 20:15:46 15840 [Note] InnoDB: Restoring possible half-written data pages 
2022-12-09 20:15:46 15840 [Note] InnoDB: from the doublewrite buffer...
2022-12-09 20:15:46 15840 [Note] InnoDB: 128 rollback segment(s) are active.
2022-12-09 20:15:46 15840 [Note] InnoDB: Waiting for purge to start
2022-12-09 20:15:46 15840 [Note] InnoDB: 5.6.13 started; log sequence number 3146687
2022-12-09 20:15:46 15840 [Note] Server hostname (bind-address): '*'; port: 3307
2022-12-09 20:15:46 15840 [Note] IPv6 is available.
2022-12-09 20:15:46 15840 [Note]   - '::' resolves to '::';
2022-12-09 20:15:46 15840 [Note] Server socket created on IP: '::'.
2022-12-11 10:01:08 17704 [Note] Plugin 'FEDERATED' is disabled.
2022-12-11 10:01:08 17704 [Note] InnoDB: The InnoDB memory heap is disabled
2022-12-11 10:01:08 17704 [Note] InnoDB: Mutexes and rw_locks use Windows interlocked functions
2022-12-11 10:01:08 17704 [Note] InnoDB: Compressed tables use zlib 1.2.3
2022-12-11 10:01:08 17704 [Note] InnoDB: Not using CPU crc32 instructions
2022-12-11 10:01:08 17704 [Note] InnoDB: Initializing buffer pool, size = 128.0M
2022-12-11 10:01:08 17704 [Note] InnoDB: Completed initialization of buffer pool
2022-12-11 10:01:08 17704 [Note] InnoDB: Highest supported file format is Barracuda.
2022-12-11 10:01:08 17704 [Note] InnoDB: The log sequence numbers 1626134 and 1626134 in ibdata files do not match the log sequence number 3146697 in the ib_logfiles!
2022-12-11 10:01:08 17704 [Note] InnoDB: Database was not shutdown normally!
2022-12-11 10:01:08 17704 [Note] InnoDB: Starting crash recovery.
2022-12-11 10:01:08 17704 [Note] InnoDB: Reading tablespace information from the .ibd files...
2022-12-11 10:01:08 17704 [Note] InnoDB: Restoring possible half-written data pages 
2022-12-11 10:01:08 17704 [Note] InnoDB: from the doublewrite buffer...
2022-12-11 10:01:08 17704 [Note] InnoDB: 128 rollback segment(s) are active.
2022-12-11 10:01:08 17704 [Note] InnoDB: Waiting for purge to start
2022-12-11 10:01:08 17704 [Note] InnoDB: 5.6.13 started; log sequence number 3146697
2022-12-11 10:01:08 17704 [Note] Server hostname (bind-address): '*'; port: 3307
2022-12-11 10:01:08 17704 [Note] IPv6 is available.
2022-12-11 10:01:08 17704 [Note]   - '::' resolves to '::';
2022-12-11 10:01:08 17704 [Note] Server socket created on IP: '::'.
2022-12-11 17:02:44 22512 [Note] Plugin 'FEDERATED' is disabled.
2022-12-11 17:02:44 22512 [Note] InnoDB: The InnoDB memory heap is disabled
2022-12-11 17:02:44 22512 [Note] InnoDB: Mutexes and rw_locks use Windows interlocked functions
2022-12-11 17:02:44 22512 [Note] InnoDB: Compressed tables use zlib 1.2.3
2022-12-11 17:02:44 22512 [Note] InnoDB: Not using CPU crc32 instructions
2022-12-11 17:02:44 22512 [Note] InnoDB: Initializing buffer pool, size = 128.0M
2022-12-11 17:02:44 22512 [Note] InnoDB: Completed initialization of buffer pool
2022-12-11 17:02:44 22512 [Note] InnoDB: Highest supported file format is Barracuda.
2022-12-11 17:02:44 22512 [Note] InnoDB: The log sequence numbers 1626134 and 1626134 in ibdata files do not match the log sequence number 4175847 in the ib_logfiles!
2022-12-11 17:02:44 22512 [Note] InnoDB: Database was not shutdown normally!
2022-12-11 17:02:44 22512 [Note] InnoDB: Starting crash recovery.
2022-12-11 17:02:44 22512 [Note] InnoDB: Reading tablespace information from the .ibd files...
2022-12-11 17:02:44 22512 [Note] InnoDB: Restoring possible half-written data pages 
2022-12-11 17:02:44 22512 [Note] InnoDB: from the doublewrite buffer...
2022-12-11 17:02:45 22512 [Note] InnoDB: 128 rollback segment(s) are active.
2022-12-11 17:02:45 22512 [Note] InnoDB: Waiting for purge to start
2022-12-11 17:02:45 22512 [Note] InnoDB: 5.6.13 started; log sequence number 4175847
2022-12-11 17:02:45 22512 [Note] Server hostname (bind-address): '*'; port: 3307
2022-12-11 17:02:45 22512 [Note] IPv6 is available.
2022-12-11 17:02:45 22512 [Note]   - '::' resolves to '::';
2022-12-11 17:02:45 22512 [Note] Server socket created on IP: '::'.
2022-12-11 20:30:19 21240 [Note] Plugin 'FEDERATED' is disabled.
2022-12-11 20:30:19 21240 [Note] InnoDB: The InnoDB memory heap is disabled
2022-12-11 20:30:19 21240 [Note] InnoDB: Mutexes and rw_locks use Windows interlocked functions
2022-12-11 20:30:19 21240 [Note] InnoDB: Compressed tables use zlib 1.2.3
2022-12-11 20:30:19 21240 [Note] InnoDB: Not using CPU crc32 instructions
2022-12-11 20:30:19 21240 [Note] InnoDB: Initializing buffer pool, size = 128.0M
2022-12-11 20:30:19 21240 [Note] InnoDB: Completed initialization of buffer pool
2022-12-11 20:30:19 21240 [Note] InnoDB: Highest supported file format is Barracuda.
2022-12-11 20:30:19 21240 [Note] InnoDB: The log sequence numbers 1626134 and 1626134 in ibdata files do not match the log sequence number 4181310 in the ib_logfiles!
2022-12-11 20:30:19 21240 [Note] InnoDB: Database was not shutdown normally!
2022-12-11 20:30:19 21240 [Note] InnoDB: Starting crash recovery.
2022-12-11 20:30:19 21240 [Note] InnoDB: Reading tablespace information from the .ibd files...
2022-12-11 20:30:19 21240 [Note] InnoDB: Restoring possible half-written data pages 
2022-12-11 20:30:19 21240 [Note] InnoDB: from the doublewrite buffer...
2022-12-11 20:30:19 21240 [Note] InnoDB: 128 rollback segment(s) are active.
2022-12-11 20:30:19 21240 [Note] InnoDB: Waiting for purge to start
2022-12-11 20:30:19 21240 [Note] InnoDB: 5.6.13 started; log sequence number 4181310
2022-12-11 20:30:19 21240 [Note] Server hostname (bind-address): '*'; port: 3307
2022-12-11 20:30:19 21240 [Note] IPv6 is available.
2022-12-11 20:30:19 21240 [Note]   - '::' resolves to '::';
2022-12-11 20:30:19 21240 [Note] Server socket created on IP: '::'.
2022-12-11 20:35:02 17332 [Note] Plugin 'FEDERATED' is disabled.
2022-12-11 20:35:02 17332 [Note] InnoDB: The InnoDB memory heap is disabled
2022-12-11 20:35:02 17332 [Note] InnoDB: Mutexes and rw_locks use Windows interlocked functions
2022-12-11 20:35:02 17332 [Note] InnoDB: Compressed tables use zlib 1.2.3
2022-12-11 20:35:02 17332 [Note] InnoDB: Not using CPU crc32 instructions
2022-12-11 20:35:02 17332 [Note] InnoDB: Initializing buffer pool, size = 128.0M
2022-12-11 20:35:02 17332 [Note] InnoDB: Completed initialization of buffer pool
2022-12-11 20:35:02 17332 [Note] InnoDB: Highest supported file format is Barracuda.
2022-12-11 20:35:02 17332 [Note] InnoDB: The log sequence numbers 1626134 and 1626134 in ibdata files do not match the log sequence number 4181320 in the ib_logfiles!
2022-12-11 20:35:02 17332 [Note] InnoDB: Database was not shutdown normally!
2022-12-11 20:35:02 17332 [Note] InnoDB: Starting crash recovery.
2022-12-11 20:35:02 17332 [Note] InnoDB: Reading tablespace information from the .ibd files...
2022-12-11 20:35:02 17332 [Note] InnoDB: Restoring possible half-written data pages 
2022-12-11 20:35:02 17332 [Note] InnoDB: from the doublewrite buffer...
2022-12-11 20:35:02 17332 [Note] InnoDB: 128 rollback segment(s) are active.
2022-12-11 20:35:02 17332 [Note] InnoDB: Waiting for purge to start
2022-12-11 20:35:02 17332 [Note] InnoDB: 5.6.13 started; log sequence number 4181320
2022-12-11 20:35:02 17332 [Note] Server hostname (bind-address): '*'; port: 3307
2022-12-11 20:35:02 17332 [Note] IPv6 is available.
2022-12-11 20:35:02 17332 [Note]   - '::' resolves to '::';
2022-12-11 20:35:02 17332 [Note] Server socket created on IP: '::'.
